This file contains any messages produced by compilers while
running configure, to aid debugging if configure makes a mistake.

It was created by epson-inkjet-printer-filter configure 1.0.0, which was
generated by GNU Autoconf 2.69.  Invocation command line was

  $ ./configure --prefix=/opt/epson-inkjet-printer-201401w

## --------- ##
## Platform. ##
## --------- ##

hostname = raspberrypi
uname -m = armv7l
uname -r = 4.19.75-v7l+
uname -s = Linux
uname -v = #1270 SMP Tue Sep 24 18:51:41 BST 2019

/usr/bin/uname -p = unknown
/bin/uname -X     = unknown

/bin/arch              = unknown
/usr/bin/arch -k       = unknown
/usr/convex/getsysinfo = unknown
/usr/bin/hostinfo      = unknown
/bin/machine           = unknown
/usr/bin/oslevel       = unknown
/bin/universe          = unknown

PATH: /usr/local/sbin
PATH: /usr/local/bin
PATH: /usr/sbin
PATH: /usr/bin
PATH: /sbin
PATH: /bin
PATH: /usr/local/games
PATH: /usr/games


## ----------- ##
## Core tests. ##
## ----------- ##

configure:2330: checking for a BSD-compatible install
configure:2398: result: /usr/bin/install -c
configure:2409: checking whether build environment is sane
configure:2464: result: yes
configure:2613: checking for a thread-safe mkdir -p
configure:2652: result: /bin/mkdir -p
configure:2659: checking for gawk
configure:2689: result: no
configure:2659: checking for mawk
configure:2675: found /usr/bin/mawk
configure:2686: result: mawk
configure:2697: checking whether make sets $(MAKE)
configure:2719: result: yes
configure:2748: checking whether make supports nested variables
configure:2765: result: yes
configure:2945: checking for gcc
configure:2961: found /usr/bin/gcc
configure:2972: result: gcc
configure:3201: checking for C compiler version
configure:3210: gcc --version >&5
gcc (Raspbian 8.3.0-6+rpi1) 8.3.0
Copyright (C) 2018 Free Software Foundation, Inc.
This is free software; see the source for copying conditions.  There is NO
warranty; not even for MERCHANTABILITY or FITNESS FOR A PARTICULAR PURPOSE.

configure:3221: $? = 0
configure:3210: gcc -v >&5
Using built-in specs.
COLLECT_GCC=gcc
COLLECT_LTO_WRAPPER=/usr/lib/gcc/arm-linux-gnueabihf/8/lto-wrapper
Target: arm-linux-gnueabihf
Configured with: ../src/configure -v --with-pkgversion='Raspbian 8.3.0-6+rpi1' --with-bugurl=file:///usr/share/doc/gcc-8/README.Bugs --enable-languages=c,ada,c++,go,d,fortran,objc,obj-c++ --prefix=/usr --with-gcc-major-version-only --program-suffix=-8 --program-prefix=arm-linux-gnueabihf- --enable-shared --enable-linker-build-id --libexecdir=/usr/lib --without-included-gettext --enable-threads=posix --libdir=/usr/lib --enable-nls --enable-bootstrap --enable-clocale=gnu --enable-libstdcxx-debug --enable-libstdcxx-time=yes --with-default-libstdcxx-abi=new --enable-gnu-unique-object --disable-libitm --disable-libquadmath --disable-libquadmath-support --enable-plugin --with-system-zlib --with-target-system-zlib --enable-objc-gc=auto --enable-multiarch --disable-sjlj-exceptions --with-arch=armv6 --with-fpu=vfp --with-float=hard --disable-werror --enable-checking=release --build=arm-linux-gnueabihf --host=arm-linux-gnueabihf --target=arm-linux-gnueabihf
Thread model: posix
gcc version 8.3.0 (Raspbian 8.3.0-6+rpi1) 
configure:3221: $? = 0
configure:3210: gcc -V >&5
gcc: error: unrecognized command line option '-V'
gcc: fatal error: no input files
compilation terminated.
configure:3221: $? = 1
configure:3210: gcc -qversion >&5
gcc: error: unrecognized command line option '-qversion'; did you mean '--version'?
gcc: fatal error: no input files
compilation terminated.
configure:3221: $? = 1
configure:3241: checking whether the C compiler works
configure:3263: gcc    conftest.c  >&5
configure:3267: $? = 0
configure:3315: result: yes
configure:3318: checking for C compiler default output file name
configure:3320: result: a.out
configure:3326: checking for suffix of executables
configure:3333: gcc -o conftest    conftest.c  >&5
configure:3337: $? = 0
configure:3359: result: 
configure:3381: checking whether we are cross compiling
configure:3389: gcc -o conftest    conftest.c  >&5
configure:3393: $? = 0
configure:3400: ./conftest
configure:3404: $? = 0
configure:3392: result: no
configure:3397: checking for suffix of object files
configure:3419: gcc -c   conftest.c >&5
configure:3423: $? = 0
configure:3444: result: o
configure:3448: checking whether we are using the GNU C compiler
configure:3467: gcc -c   conftest.c >&5
configure:3467: $? = 0
configure:3476: result: yes
configure:3485: checking whether gcc accepts -g
configure:3505: gcc -c -g  conftest.c >&5
configure:3505: $? = 0
configure:3546: result: yes
configure:3563: checking for gcc option to accept ISO C89
configure:3626: gcc  -c -g -O2  conftest.c >&5
configure:3626: $? = 0
configure:3639: result: none needed
configure:3664: checking whether gcc understands -c and -o together
configure:3686: gcc -c conftest.c -o conftest2.o
configure:3689: $? = 0
configure:3686: gcc -c conftest.c -o conftest2.o
configure:3689: $? = 0
configure:3701: result: yes
configure:3721: checking whether make supports the include directive
configure:3736: make -f confmf.GNU && cat confinc.out
this is the am__doit target
configure:3739: $? = 0
configure:3758: result: yes (GNU style)
configure:3783: checking dependency style of gcc
configure:3894: result: gcc3
configure:3910: checking whether ln -s works
configure:3914: result: yes
configure:3950: checking build system type
configure:3964: result: armv7l-unknown-linux-gnueabihf
configure:3984: checking host system type
configure:3997: result: armv7l-unknown-linux-gnueabihf
configure:4038: checking how to print strings
configure:4065: result: printf
configure:4086: checking for a sed that does not truncate output
configure:4150: result: /bin/sed
configure:4168: checking for grep that handles long lines and -e
configure:4226: result: /bin/grep
configure:4231: checking for egrep
configure:4293: result: /bin/grep -E
configure:4298: checking for fgrep
configure:4360: result: /bin/grep -F
configure:4395: checking for ld used by gcc
configure:4462: result: /usr/bin/ld
configure:4469: checking if the linker (/usr/bin/ld) is GNU ld
configure:4484: result: yes
configure:4496: checking for BSD- or MS-compatible name lister (nm)
configure:4550: result: /usr/bin/nm -B
configure:4680: checking the name lister (/usr/bin/nm -B) interface
configure:4687: gcc -c -g -O2  conftest.c >&5
configure:4690: /usr/bin/nm -B "conftest.o"
configure:4693: output
00000000 B some_variable
configure:4694: result: BSD nm
configure:4698: checking the maximum length of command line arguments
configure:4829: result: 1572864
configure:4877: checking how to convert armv7l-unknown-linux-gnueabihf file names to armv7l-unknown-linux-gnueabihf format
configure:4917: result: func_convert_file_noop
configure:4924: checking how to convert armv7l-unknown-linux-gnueabihf file names to toolchain format
configure:4944: result: func_convert_file_noop
configure:4951: checking for /usr/bin/ld option to reload object files
configure:4958: result: -r
configure:5032: checking for objdump
configure:5048: found /usr/bin/objdump
configure:5059: result: objdump
configure:5091: checking how to recognize dependent libraries
configure:5291: result: pass_all
configure:5376: checking for dlltool
configure:5406: result: no
configure:5436: checking how to associate runtime and link libraries
configure:5463: result: printf %s\n
configure:5524: checking for ar
configure:5540: found /usr/bin/ar
configure:5551: result: ar
configure:5588: checking for archiver @FILE support
configure:5605: gcc -c -g -O2  conftest.c >&5
configure:5605: $? = 0
configure:5608: ar cru libconftest.a @conftest.lst >&5
ar: `u' modifier ignored since `D' is the default (see `U')
configure:5611: $? = 0
configure:5616: ar cru libconftest.a @conftest.lst >&5
ar: `u' modifier ignored since `D' is the default (see `U')
ar: conftest.o: No such file or directory
configure:5619: $? = 1
configure:5618: result: @
configure:5676: checking for strip
configure:5692: found /usr/bin/strip
configure:5703: result: strip
configure:5775: checking for ranlib
configure:5791: found /usr/bin/ranlib
configure:5802: result: ranlib
configure:5904: checking command to parse /usr/bin/nm -B output from gcc object
configure:6057: gcc -c -g -O2  conftest.c >&5
configure:6060: $? = 0
configure:6064: /usr/bin/nm -B conftest.o | sed -n -e 's/^.*[	 ]\([ABCDGIRSTW][ABCDGIRSTW]*\)[	 ][	 ]*\([_A-Za-z][_A-Za-z0-9]*\)$/\1 \2 \2/p' | sed '/ __gnu_lto/d' > conftest.nm
configure:6130: gcc -o conftest -g -O2   conftest.c conftstm.o >&5
configure:6133: $? = 0
configure:6171: result: ok
configure:6218: checking for sysroot
configure:6248: result: no
configure:6255: checking for a working dd
configure:6293: result: /bin/dd
configure:6297: checking how to truncate binary pipes
configure:6312: result: /bin/dd bs=4096 count=1
configure:6641: checking for mt
configure:6657: found /bin/mt
configure:6668: result: mt
configure:6691: checking if mt is a manifest tool
configure:6697: mt '-?'
configure:6705: result: no
configure:7382: checking how to run the C preprocessor
configure:7413: gcc -E  conftest.c
configure:7413: $? = 0
configure:7427: gcc -E  conftest.c
conftest.c:11:10: fatal error: ac_nonexistent.h: No such file or directory
 #include <ac_nonexistent.h>
          ^~~~~~~~~~~~~~~~~~
compilation terminated.
configure:7427: $? = 1
configure: failed program was:
| /* confdefs.h */
| #define PACKAGE_NAME "epson-inkjet-printer-filter"
| #define PACKAGE_TARNAME "epson-inkjet-printer-filter"
| #define PACKAGE_VERSION "1.0.0"
| #define PACKAGE_STRING "epson-inkjet-printer-filter 1.0.0"
| #define PACKAGE_BUGREPORT "epson@localdomain"
| #define PACKAGE_URL ""
| #define PACKAGE "epson-inkjet-printer-filter"
| #define VERSION "1.0.0"
| /* end confdefs.h.  */
| #include <ac_nonexistent.h>
configure:7452: result: gcc -E
configure:7472: gcc -E  conftest.c
configure:7472: $? = 0
configure:7486: gcc -E  conftest.c
conftest.c:11:10: fatal error: ac_nonexistent.h: No such file or directory
 #include <ac_nonexistent.h>
          ^~~~~~~~~~~~~~~~~~
compilation terminated.
configure:7486: $? = 1
configure: failed program was:
| /* confdefs.h */
| #define PACKAGE_NAME "epson-inkjet-printer-filter"
| #define PACKAGE_TARNAME "epson-inkjet-printer-filter"
| #define PACKAGE_VERSION "1.0.0"
| #define PACKAGE_STRING "epson-inkjet-printer-filter 1.0.0"
| #define PACKAGE_BUGREPORT "epson@localdomain"
| #define PACKAGE_URL ""
| #define PACKAGE "epson-inkjet-printer-filter"
| #define VERSION "1.0.0"
| /* end confdefs.h.  */
| #include <ac_nonexistent.h>
configure:7515: checking for ANSI C header files
configure:7535: gcc -c -g -O2  conftest.c >&5
configure:7535: $? = 0
configure:7608: gcc -o conftest -g -O2   conftest.c  >&5
configure:7608: $? = 0
configure:7608: ./conftest
configure:7608: $? = 0
configure:7619: result: yes
configure:7632: checking for sys/types.h
configure:7632: gcc -c -g -O2  conftest.c >&5
configure:7632: $? = 0
configure:7632: result: yes
configure:7632: checking for sys/stat.h
configure:7632: gcc -c -g -O2  conftest.c >&5
configure:7632: $? = 0
configure:7632: result: yes
configure:7632: checking for stdlib.h
configure:7632: gcc -c -g -O2  conftest.c >&5
configure:7632: $? = 0
configure:7632: result: yes
configure:7632: checking for string.h
configure:7632: gcc -c -g -O2  conftest.c >&5
configure:7632: $? = 0
configure:7632: result: yes
configure:7632: checking for memory.h
configure:7632: gcc -c -g -O2  conftest.c >&5
configure:7632: $? = 0
configure:7632: result: yes
configure:7632: checking for strings.h
configure:7632: gcc -c -g -O2  conftest.c >&5
configure:7632: $? = 0
configure:7632: result: yes
configure:7632: checking for inttypes.h
configure:7632: gcc -c -g -O2  conftest.c >&5
configure:7632: $? = 0
configure:7632: result: yes
configure:7632: checking for stdint.h
configure:7632: gcc -c -g -O2  conftest.c >&5
configure:7632: $? = 0
configure:7632: result: yes
configure:7632: checking for unistd.h
configure:7632: gcc -c -g -O2  conftest.c >&5
configure:7632: $? = 0
configure:7632: result: yes
configure:7646: checking for dlfcn.h
configure:7646: gcc -c -g -O2  conftest.c >&5
configure:7646: $? = 0
configure:7646: result: yes
configure:7902: checking for objdir
configure:7917: result: .libs
configure:8177: checking if gcc supports -fno-rtti -fno-exceptions
configure:8195: gcc -c -g -O2  -fno-rtti -fno-exceptions conftest.c >&5
cc1: warning: command line option '-fno-rtti' is valid for C++/ObjC++ but not for C
configure:8199: $? = 0
configure:8212: result: no
configure:8570: checking for gcc option to produce PIC
configure:8577: result: -fPIC -DPIC
configure:8585: checking if gcc PIC flag -fPIC -DPIC works
configure:8603: gcc -c -g -O2  -fPIC -DPIC -DPIC conftest.c >&5
configure:8607: $? = 0
configure:8620: result: yes
configure:8649: checking if gcc static flag -static works
configure:8677: result: yes
configure:8692: checking if gcc supports -c -o file.o
configure:8713: gcc -c -g -O2  -o out/conftest2.o conftest.c >&5
configure:8717: $? = 0
configure:8739: result: yes
configure:8747: checking if gcc supports -c -o file.o
configure:8794: result: yes
configure:8827: checking whether the gcc linker (/usr/bin/ld) supports shared libraries
configure:10090: result: yes
configure:10127: checking whether -lc should be explicitly linked in
configure:10135: gcc -c -g -O2  conftest.c >&5
configure:10138: $? = 0
configure:10153: gcc -shared  -fPIC -DPIC conftest.o  -v -Wl,-soname -Wl,conftest -o conftest 2\>\&1 \| /bin/grep  -lc  \>/dev/null 2\>\&1
configure:10156: $? = 0
configure:10170: result: no
configure:10330: checking dynamic linker characteristics
configure:10911: gcc -o conftest -g -O2   -Wl,-rpath -Wl,/foo conftest.c  >&5
configure:10911: $? = 0
configure:11160: result: GNU/Linux ld.so
configure:11282: checking how to hardcode library paths into programs
configure:11307: result: immediate
configure:11855: checking whether stripping libraries is possible
configure:11860: result: yes
configure:11895: checking if libtool supports shared libraries
configure:11897: result: yes
configure:11900: checking whether to build shared libraries
configure:11925: result: yes
configure:11928: checking whether to build static libraries
configure:11932: result: yes
configure:8747: checking for dlopen in -ldl
configure:8772: gcc -o conftest -g -O2   conftest.c -ldl   >&5
configure:8772: $? = 0
configure:8781: result: yes
configure:8858: checking for ANSI C header files
configure:8962: result: yes
configure:8973: checking fcntl.h usability
configure:8973: gcc -c -O2  conftest.c >&5
configure:8973: $? = 0
configure:8973: result: yes
configure:8973: checking fcntl.h presence
configure:8973: gcc -E  conftest.c
configure:8973: $? = 0
configure:8973: result: yes
configure:8973: checking for fcntl.h
configure:8973: result: yes
configure:8973: checking for stdlib.h
configure:8973: result: yes
configure:8973: checking for string.h
configure:8973: result: yes
configure:8973: checking for unistd.h
configure:8973: result: yes
configure:8985: checking for an ANSI C-conforming const
configure:9051: gcc -c -O2  conftest.c >&5
configure:9051: $? = 0
configure:9058: result: yes
configure:9066: checking for size_t
configure:9066: gcc -c -O2  conftest.c >&5
configure:9066: $? = 0
configure:9066: gcc -c -O2  conftest.c >&5
conftest.c: In function 'main':
conftest.c:67:21: error: expected expression before ')' token
 if (sizeof ((size_t)))
                     ^
configure:9066: $? = 1
configure: failed program was:
| /* confdefs.h */
| #define PACKAGE_NAME "epson-inkjet-printer-filter"
| #define PACKAGE_TARNAME "epson-inkjet-printer-filter"
| #define PACKAGE_VERSION "1.0.0"
| #define PACKAGE_STRING "epson-inkjet-printer-filter 1.0.0"
| #define PACKAGE_BUGREPORT "epson@localdomain"
| #define PACKAGE_URL ""
| #define PACKAGE "epson-inkjet-printer-filter"
| #define VERSION "1.0.0"
| #define STDC_HEADERS 1
| #define HAVE_SYS_TYPES_H 1
| #define HAVE_SYS_STAT_H 1
| #define HAVE_STDLIB_H 1
| #define HAVE_STRING_H 1
| #define HAVE_MEMORY_H 1
| #define HAVE_STRINGS_H 1
| #define HAVE_INTTYPES_H 1
| #define HAVE_STDINT_H 1
| #define HAVE_UNISTD_H 1
| #define HAVE_DLFCN_H 1
| #define LT_OBJDIR ".libs/"
| #define HAVE_LIBDL 1
| #define CORE_LIBRARY_PATH "/opt/epson-inkjet-printer-201401w/lib"
| #define CORE_RESOURCE_PATH "/opt/epson-inkjet-printer-201401w/resource"
| #define STDC_HEADERS 1
| #define HAVE_FCNTL_H 1
| #define HAVE_STDLIB_H 1
| #define HAVE_STRING_H 1
| #define HAVE_UNISTD_H 1
| /* end confdefs.h.  */
| #include <stdio.h>
| #ifdef HAVE_SYS_TYPES_H
| # include <sys/types.h>
| #endif
| #ifdef HAVE_SYS_STAT_H
| # include <sys/stat.h>
| #endif
| #ifdef STDC_HEADERS
| # include <stdlib.h>
| # include <stddef.h>
| #else
| # ifdef HAVE_STDLIB_H
| #  include <stdlib.h>
| # endif
| #endif
| #ifdef HAVE_STRING_H
| # if !defined STDC_HEADERS && defined HAVE_MEMORY_H
| #  include <memory.h>
| # endif
| # include <string.h>
| #endif
| #ifdef HAVE_STRINGS_H
| # include <strings.h>
| #endif
| #ifdef HAVE_INTTYPES_H
| # include <inttypes.h>
| #endif
| #ifdef HAVE_STDINT_H
| # include <stdint.h>
| #endif
| #ifdef HAVE_UNISTD_H
| # include <unistd.h>
| #endif
| int
| main ()
| {
| if (sizeof ((size_t)))
| 	    return 0;
|   ;
|   return 0;
| }
configure:9066: result: yes
configure:9079: checking return type of signal handlers
configure:9097: gcc -c -O2  conftest.c >&5
conftest.c: In function 'main':
conftest.c:37:10: error: void value not ignored as it ought to be
 return *(signal (0, 0)) (0) == 1;
         ~^~~~~~~~~~~~~~~~~~
configure:9097: $? = 1
configure: failed program was:
| /* confdefs.h */
| #define PACKAGE_NAME "epson-inkjet-printer-filter"
| #define PACKAGE_TARNAME "epson-inkjet-printer-filter"
| #define PACKAGE_VERSION "1.0.0"
| #define PACKAGE_STRING "epson-inkjet-printer-filter 1.0.0"
| #define PACKAGE_BUGREPORT "epson@localdomain"
| #define PACKAGE_URL ""
| #define PACKAGE "epson-inkjet-printer-filter"
| #define VERSION "1.0.0"
| #define STDC_HEADERS 1
| #define HAVE_SYS_TYPES_H 1
| #define HAVE_SYS_STAT_H 1
| #define HAVE_STDLIB_H 1
| #define HAVE_STRING_H 1
| #define HAVE_MEMORY_H 1
| #define HAVE_STRINGS_H 1
| #define HAVE_INTTYPES_H 1
| #define HAVE_STDINT_H 1
| #define HAVE_UNISTD_H 1
| #define HAVE_DLFCN_H 1
| #define LT_OBJDIR ".libs/"
| #define HAVE_LIBDL 1
| #define CORE_LIBRARY_PATH "/opt/epson-inkjet-printer-201401w/lib"
| #define CORE_RESOURCE_PATH "/opt/epson-inkjet-printer-201401w/resource"
| #define STDC_HEADERS 1
| #define HAVE_FCNTL_H 1
| #define HAVE_STDLIB_H 1
| #define HAVE_STRING_H 1
| #define HAVE_UNISTD_H 1
| /* end confdefs.h.  */
| #include <sys/types.h>
| #include <signal.h>
| 
| int
| main ()
| {
| return *(signal (0, 0)) (0) == 1;
|   ;
|   return 0;
| }
configure:9104: result: void
configure:9114: checking for vprintf
configure:9114: gcc -o conftest -O2   conftest.c -ldl  >&5
conftest.c:55:6: warning: conflicting types for built-in function 'vprintf' [-Wbuiltin-declaration-mismatch]
 char vprintf ();
      ^~~~~~~
configure:9114: $? = 0
configure:9114: result: yes
configure:9120: checking for _doprnt
configure:9120: gcc -o conftest -O2   conftest.c -ldl  >&5
/usr/bin/ld: /tmp/ccZLMyEg.o: in function `main':
conftest.c:(.text.startup+0x4): undefined reference to `_doprnt'
collect2: error: ld returned 1 exit status
configure:9120: $? = 1
configure: failed program was:
| /* confdefs.h */
| #define PACKAGE_NAME "epson-inkjet-printer-filter"
| #define PACKAGE_TARNAME "epson-inkjet-printer-filter"
| #define PACKAGE_VERSION "1.0.0"
| #define PACKAGE_STRING "epson-inkjet-printer-filter 1.0.0"
| #define PACKAGE_BUGREPORT "epson@localdomain"
| #define PACKAGE_URL ""
| #define PACKAGE "epson-inkjet-printer-filter"
| #define VERSION "1.0.0"
| #define STDC_HEADERS 1
| #define HAVE_SYS_TYPES_H 1
| #define HAVE_SYS_STAT_H 1
| #define HAVE_STDLIB_H 1
| #define HAVE_STRING_H 1
| #define HAVE_MEMORY_H 1
| #define HAVE_STRINGS_H 1
| #define HAVE_INTTYPES_H 1
| #define HAVE_STDINT_H 1
| #define HAVE_UNISTD_H 1
| #define HAVE_DLFCN_H 1
| #define LT_OBJDIR ".libs/"
| #define HAVE_LIBDL 1
| #define CORE_LIBRARY_PATH "/opt/epson-inkjet-printer-201401w/lib"
| #define CORE_RESOURCE_PATH "/opt/epson-inkjet-printer-201401w/resource"
| #define STDC_HEADERS 1
| #define HAVE_FCNTL_H 1
| #define HAVE_STDLIB_H 1
| #define HAVE_STRING_H 1
| #define HAVE_UNISTD_H 1
| #define RETSIGTYPE void
| #define HAVE_VPRINTF 1
| /* end confdefs.h.  */
| /* Define _doprnt to an innocuous variant, in case <limits.h> declares _doprnt.
|    For example, HP-UX 11i <limits.h> declares gettimeofday.  */
| #define _doprnt innocuous__doprnt
| 
| /* System header to define __stub macros and hopefully few prototypes,
|     which can conflict with char _doprnt (); below.
|     Prefer <limits.h> to <assert.h> if __STDC__ is defined, since
|     <limits.h> exists even on freestanding compilers.  */
| 
| #ifdef __STDC__
| # include <limits.h>
| #else
| # include <assert.h>
| #endif
| 
| #undef _doprnt
| 
| /* Override any GCC internal prototype to avoid an error.
|    Use char because int might match the return type of a GCC
|    builtin and then its argument prototype would still apply.  */
| #ifdef __cplusplus
| extern "C"
| #endif
| char _doprnt ();
| /* The GNU C library defines this for functions which it implements
|     to always fail with ENOSYS.  Some functions are actually named
|     something starting with __ and the normal name is an alias.  */
| #if defined __stub__doprnt || defined __stub____doprnt
| choke me
| #endif
| 
| int
| main ()
| {
| return _doprnt ();
|   ;
|   return 0;
| }
configure:9120: result: no
configure:9134: checking for memset
configure:9134: gcc -o conftest -O2   conftest.c -ldl  >&5
conftest.c:56:6: warning: conflicting types for built-in function 'memset' [-Wbuiltin-declaration-mismatch]
 char memset ();
      ^~~~~~
configure:9134: $? = 0
configure:9134: result: yes
configure:9134: checking for strdup
configure:9134: gcc -o conftest -O2   conftest.c -ldl  >&5
conftest.c:57:6: warning: conflicting types for built-in function 'strdup' [-Wbuiltin-declaration-mismatch]
 char strdup ();
      ^~~~~~
configure:9134: $? = 0
configure:9134: result: yes
configure:9247: checking that generated files are newer than configure
configure:9253: result: done
configure:9276: creating ./config.status

## ---------------------- ##
## Running config.status. ##
## ---------------------- ##

This file was extended by epson-inkjet-printer-filter config.status 1.0.0, which was
generated by GNU Autoconf 2.69.  Invocation command line was

  CONFIG_FILES    = 
  CONFIG_HEADERS  = 
  CONFIG_LINKS    = 
  CONFIG_COMMANDS = 
  $ ./config.status 

on raspberrypi

config.status:1105: creating Makefile
config.status:1105: creating src/Makefile
config.status:1105: creating src/raster/Makefile
config.status:1105: creating src/raster/blendSource/Makefile
config.status:1105: creating src/memory/Makefile
config.status:1105: creating src/pagemanager/Makefile
config.status:1105: creating src/filteropt/Makefile
config.status:1105: creating config.h
config.status:1334: executing depfiles commands
config.status:1411: cd src       && sed -e '/# am--include-marker/d' Makefile         | make -f - am--depfiles
config.status:1416: $? = 0
config.status:1411: cd src/raster       && sed -e '/# am--include-marker/d' Makefile         | make -f - am--depfiles
config.status:1416: $? = 0
config.status:1411: cd src/raster/blendSource       && sed -e '/# am--include-marker/d' Makefile         | make -f - am--depfiles
config.status:1416: $? = 0
config.status:1411: cd src/memory       && sed -e '/# am--include-marker/d' Makefile         | make -f - am--depfiles
config.status:1416: $? = 0
config.status:1411: cd src/pagemanager       && sed -e '/# am--include-marker/d' Makefile         | make -f - am--depfiles
config.status:1416: $? = 0
config.status:1411: cd src/filteropt       && sed -e '/# am--include-marker/d' Makefile         | make -f - am--depfiles
config.status:1416: $? = 0
config.status:1334: executing libtool commands

## ---------------- ##
## Cache variables. ##
## ---------------- ##

ac_cv_build=armv7l-unknown-linux-gnueabihf
ac_cv_c_compiler_gnu=yes
ac_cv_c_const=yes
ac_cv_env_CC_set=
ac_cv_env_CC_value=
ac_cv_env_CFLAGS_set=
ac_cv_env_CFLAGS_value=
ac_cv_env_CPPFLAGS_set=
ac_cv_env_CPPFLAGS_value=
ac_cv_env_CPP_set=
ac_cv_env_CPP_value=
ac_cv_env_LDFLAGS_set=
ac_cv_env_LDFLAGS_value=
ac_cv_env_LIBS_set=
ac_cv_env_LIBS_value=
ac_cv_env_LT_SYS_LIBRARY_PATH_set=
ac_cv_env_LT_SYS_LIBRARY_PATH_value=
ac_cv_env_build_alias_set=
ac_cv_env_build_alias_value=
ac_cv_env_host_alias_set=
ac_cv_env_host_alias_value=
ac_cv_env_target_alias_set=
ac_cv_env_target_alias_value=
ac_cv_func__doprnt=no
ac_cv_func_memset=yes
ac_cv_func_strdup=yes
ac_cv_func_vprintf=yes
ac_cv_header_dlfcn_h=yes
ac_cv_header_fcntl_h=yes
ac_cv_header_inttypes_h=yes
ac_cv_header_memory_h=yes
ac_cv_header_stdc=yes
ac_cv_header_stdint_h=yes
ac_cv_header_stdlib_h=yes
ac_cv_header_string_h=yes
ac_cv_header_strings_h=yes
ac_cv_header_sys_stat_h=yes
ac_cv_header_sys_types_h=yes
ac_cv_header_unistd_h=yes
ac_cv_host=armv7l-unknown-linux-gnueabihf
ac_cv_lib_dl_dlopen=yes
ac_cv_objext=o
ac_cv_path_EGREP='/bin/grep -E'
ac_cv_path_FGREP='/bin/grep -F'
ac_cv_path_GREP=/bin/grep
ac_cv_path_SED=/bin/sed
ac_cv_path_install='/usr/bin/install -c'
ac_cv_path_lt_DD=/bin/dd
ac_cv_path_mkdir=/bin/mkdir
ac_cv_prog_AWK=mawk
ac_cv_prog_CPP='gcc -E'
ac_cv_prog_ac_ct_AR=ar
ac_cv_prog_ac_ct_CC=gcc
ac_cv_prog_ac_ct_MANIFEST_TOOL=mt
ac_cv_prog_ac_ct_OBJDUMP=objdump
ac_cv_prog_ac_ct_RANLIB=ranlib
ac_cv_prog_ac_ct_STRIP=strip
ac_cv_prog_cc_c89=
ac_cv_prog_cc_g=yes
ac_cv_prog_make_make_set=yes
ac_cv_type_signal=void
ac_cv_type_size_t=yes
am_cv_CC_dependencies_compiler_type=gcc3
am_cv_make_support_nested_variables=yes
am_cv_prog_cc_c_o=yes
lt_cv_ar_at_file=@
lt_cv_archive_cmds_need_lc=no
lt_cv_deplibs_check_method=pass_all
lt_cv_file_magic_cmd='$MAGIC_CMD'
lt_cv_file_magic_test_file=
lt_cv_ld_reload_flag=-r
lt_cv_nm_interface='BSD nm'
lt_cv_objdir=.libs
lt_cv_path_LD=/usr/bin/ld
lt_cv_path_NM='/usr/bin/nm -B'
lt_cv_path_mainfest_tool=no
lt_cv_prog_compiler_c_o=yes
lt_cv_prog_compiler_pic='-fPIC -DPIC'
lt_cv_prog_compiler_pic_works=yes
lt_cv_prog_compiler_rtti_exceptions=no
lt_cv_prog_compiler_static_works=yes
lt_cv_prog_gnu_ld=yes
lt_cv_sharedlib_from_linklib_cmd='printf %s\n'
lt_cv_shlibpath_overrides_runpath=yes
lt_cv_sys_global_symbol_pipe='sed -n -e '\''s/^.*[	 ]\([ABCDGIRSTW][ABCDGIRSTW]*\)[	 ][	 ]*\([_A-Za-z][_A-Za-z0-9]*\)$/\1 \2 \2/p'\'' | sed '\''/ __gnu_lto/d'\'''
lt_cv_sys_global_symbol_to_c_name_address='sed -n -e '\''s/^: \(.*\) .*$/  {"\1", (void *) 0},/p'\'' -e '\''s/^[ABCDGIRSTW][ABCDGIRSTW]* .* \(.*\)$/  {"\1", (void *) \&\1},/p'\'''
lt_cv_sys_global_symbol_to_c_name_address_lib_prefix='sed -n -e '\''s/^: \(.*\) .*$/  {"\1", (void *) 0},/p'\'' -e '\''s/^[ABCDGIRSTW][ABCDGIRSTW]* .* \(lib.*\)$/  {"\1", (void *) \&\1},/p'\'' -e '\''s/^[ABCDGIRSTW][ABCDGIRSTW]* .* \(.*\)$/  {"lib\1", (void *) \&\1},/p'\'''
lt_cv_sys_global_symbol_to_cdecl='sed -n -e '\''s/^T .* \(.*\)$/extern int \1();/p'\'' -e '\''s/^[ABCDGIRSTW][ABCDGIRSTW]* .* \(.*\)$/extern char \1;/p'\'''
lt_cv_sys_global_symbol_to_import=
lt_cv_sys_max_cmd_len=1572864
lt_cv_to_host_file_cmd=func_convert_file_noop
lt_cv_to_tool_file_cmd=func_convert_file_noop
lt_cv_truncate_bin='/bin/dd bs=4096 count=1'

## ----------------- ##
## Output variables. ##
## ----------------- ##

ACLOCAL='${SHELL} /home/pi/epson-201401w/epson-inkjet-printer-filter-1.0.0/missing aclocal-1.16'
AMDEPBACKSLASH='\'
AMDEP_FALSE='#'
AMDEP_TRUE=''
AMTAR='$${TAR-tar}'
AM_BACKSLASH='\'
AM_DEFAULT_V='$(AM_DEFAULT_VERBOSITY)'
AM_DEFAULT_VERBOSITY='1'
AM_V='$(V)'
AR='ar'
AUTOCONF='${SHELL} /home/pi/epson-201401w/epson-inkjet-printer-filter-1.0.0/missing autoconf'
AUTOHEADER='${SHELL} /home/pi/epson-201401w/epson-inkjet-printer-filter-1.0.0/missing autoheader'
AUTOMAKE='${SHELL} /home/pi/epson-201401w/epson-inkjet-printer-filter-1.0.0/missing automake-1.16'
AWK='mawk'
CC='gcc'
CCDEPMODE='depmode=gcc3'
CFLAGS='-O2'
CORE_LIBRARY_PATH='/opt/epson-inkjet-printer-201401w/lib'
CORE_RESOURCE_PATH='/opt/epson-inkjet-printer-201401w/resource'
CPP='gcc -E'
CPPFLAGS=''
CUPS_IMAGE_LIBS='-lcupsimage -lcups -ljpeg -lm'
CUPS_LIBS='-lcups -lm'
CUPS_SERVER_DIR='/opt/epson-inkjet-printer-201401w/lib/cups'
CYGPATH_W='echo'
DEFS='-DHAVE_CONFIG_H'
DEPDIR='.deps'
DLLTOOL='false'
DL_LIBS='-ldl'
DSYMUTIL=''
DUMPBIN=''
ECHO_C=''
ECHO_N='-n'
ECHO_T=''
EGREP='/bin/grep -E'
EXEEXT=''
FGREP='/bin/grep -F'
GREP='/bin/grep'
INSTALL_DATA='${INSTALL} -m 644'
INSTALL_PROGRAM='${INSTALL}'
INSTALL_SCRIPT='${INSTALL}'
INSTALL_STRIP_PROGRAM='$(install_sh) -c -s'
LD='/usr/bin/ld'
LDFLAGS=''
LIBOBJS=''
LIBS='-ldl '
LIBTOOL='$(SHELL) $(top_builddir)/libtool'
LIPO=''
LN_S='ln -s'
LTLIBOBJS=''
LT_SYS_LIBRARY_PATH=''
MAKEINFO='${SHELL} /home/pi/epson-201401w/epson-inkjet-printer-filter-1.0.0/missing makeinfo'
MANIFEST_TOOL=':'
MKDIR_P='/bin/mkdir -p'
NM='/usr/bin/nm -B'
NMEDIT=''
OBJDUMP='objdump'
OBJEXT='o'
OTOOL64=''
OTOOL=''
PACKAGE='epson-inkjet-printer-filter'
PACKAGE_BUGREPORT='epson@localdomain'
PACKAGE_NAME='epson-inkjet-printer-filter'
PACKAGE_STRING='epson-inkjet-printer-filter 1.0.0'
PACKAGE_TARNAME='epson-inkjet-printer-filter'
PACKAGE_URL=''
PACKAGE_VERSION='1.0.0'
PATH_SEPARATOR=':'
RANLIB='ranlib'
SED='/bin/sed'
SET_MAKE=''
SHELL='/bin/bash'
STDCPP_LIBS='-lstdc++'
STRIP='strip'
VERSION='1.0.0'
ac_ct_AR='ar'
ac_ct_CC='gcc'
ac_ct_DUMPBIN=''
am__EXEEXT_FALSE=''
am__EXEEXT_TRUE='#'
am__fastdepCC_FALSE='#'
am__fastdepCC_TRUE=''
am__include='include'
am__isrc=''
am__leading_dot='.'
am__nodep='_no'
am__quote=''
am__tar='$${TAR-tar} chof - "$$tardir"'
am__untar='$${TAR-tar} xf -'
bindir='${exec_prefix}/bin'
build='armv7l-unknown-linux-gnueabihf'
build_alias=''
build_cpu='armv7l'
build_os='linux-gnueabihf'
build_vendor='unknown'
datadir='${datarootdir}'
datarootdir='${prefix}/share'
docdir='${datarootdir}/doc/${PACKAGE_TARNAME}'
dvidir='${docdir}'
exec_prefix='${prefix}'
host='armv7l-unknown-linux-gnueabihf'
host_alias=''
host_cpu='armv7l'
host_os='linux-gnueabihf'
host_vendor='unknown'
htmldir='${docdir}'
includedir='${prefix}/include'
infodir='${datarootdir}/info'
install_sh='${SHELL} /home/pi/epson-201401w/epson-inkjet-printer-filter-1.0.0/install-sh'
libdir='${exec_prefix}/lib'
libexecdir='${exec_prefix}/libexec'
localedir='${datarootdir}/locale'
localstatedir='${prefix}/var'
mandir='${datarootdir}/man'
mkdir_p='$(MKDIR_P)'
oldincludedir='/usr/include'
pdfdir='${docdir}'
prefix='/opt/epson-inkjet-printer-201401w'
program_transform_name='s,x,x,'
psdir='${docdir}'
runstatedir='${localstatedir}/run'
sbindir='${exec_prefix}/sbin'
sharedstatedir='${prefix}/com'
sysconfdir='${prefix}/etc'
target_alias=''

## ----------- ##
## confdefs.h. ##
## ----------- ##

/* confdefs.h */
#define PACKAGE_NAME "epson-inkjet-printer-filter"
#define PACKAGE_TARNAME "epson-inkjet-printer-filter"
#define PACKAGE_VERSION "1.0.0"
#define PACKAGE_STRING "epson-inkjet-printer-filter 1.0.0"
#define PACKAGE_BUGREPORT "epson@localdomain"
#define PACKAGE_URL ""
#define PACKAGE "epson-inkjet-printer-filter"
#define VERSION "1.0.0"
#define STDC_HEADERS 1
#define HAVE_SYS_TYPES_H 1
#define HAVE_SYS_STAT_H 1
#define HAVE_STDLIB_H 1
#define HAVE_STRING_H 1
#define HAVE_MEMORY_H 1
#define HAVE_STRINGS_H 1
#define HAVE_INTTYPES_H 1
#define HAVE_STDINT_H 1
#define HAVE_UNISTD_H 1
#define HAVE_DLFCN_H 1
#define LT_OBJDIR ".libs/"
#define HAVE_LIBDL 1
#define CORE_LIBRARY_PATH "/opt/epson-inkjet-printer-201401w/lib"
#define CORE_RESOURCE_PATH "/opt/epson-inkjet-printer-201401w/resource"
#define STDC_HEADERS 1
#define HAVE_FCNTL_H 1
#define HAVE_STDLIB_H 1
#define HAVE_STRING_H 1
#define HAVE_UNISTD_H 1
#define RETSIGTYPE void
#define HAVE_VPRINTF 1
#define HAVE_MEMSET 1
#define HAVE_STRDUP 1

configure: exit 0
